# Advanced Indexing

## 1: Querying with Multiple Filters
```python
import json
import psycopg2

conn = psycopg2.connect("dbname=hud user=hud_admin password=hud_pwd")
cur = conn.cursor()

create_idx = """CREATE INDEX state_index ON homeless_by_coc(state);"""
cur.execute(create_idx)
conn.commit()

sql_cmd = """EXPLAIN  (FORMAT json)
SELECT * FROM homeless_by_coc WHERE state='CA' AND year<'2008-01-01';
"""

cur.execute(sql_cmd)
query_plan = cur.fetchone()


print(json.dumps(query_plan, indent=2))
```

## 2: Bitmap Heap Scan
```python
[
  {
    "Plan": {
      "Node Type": "Bitmap Heap Scan",
      "Parallel Aware": false,
      "Relation Name": "homeless_by_coc",
      "Alias": "homeless_by_coc",
      "Startup Cost": 11.7,
      "Total Cost": 903.46,
      "Plan Rows": 144,
      "Plan Width": 12,
      "Recheck Cond": "(state = 'CA'::bpchar)",
      "Filter": "(year < '2008-01-01'::date)",
      "Plans": [
        {
          "Node Type": "Bitmap Index Scan",
          "Parent Relationship": "Outer",
          "Parallel Aware": false,
          "Index Name": "state_index",
          "Startup Cost": 0.0,
          "Total Cost": 11.67,
          "Plan Rows": 433,
          "Plan Width": 0,
          "Index Cond": "(state = 'CA'::bpchar)"
        }
      ]
    }
  }
]
```

## 3: Multi-Column Indexes
```python
import psycopg2
import json
conn = psycopg2.connect("dbname=hud user=hud_admin password=hud_pwd")
cur = conn.cursor()

sql_cmd = """EXPLAIN (ANALYZE, FORMAT json)
SELECT * FROM homeless_by_coc
 WHERE state='CA'
   AND year <'2008-01-01';
"""

cur.execute(sql_cmd)
plan_single_index = cur.fetchone()
print(plan_single_index[0][0]["Execution Time"])


create_idx = """
CREATE INDEX state_year_index ON homeless_by_coc(state, year);
"""
cur.execute(create_idx)
conn.commit()

cur.execute(sql_cmd)
plan_multi_index = cur.fetchone()
print(plan_multi_index[0][0]["Execution Time"])
```

## 4: Understanding Multi-Column Indexes
```python
SELECT * FROM table
WHERE letter = 'B' AND number = 2;

SELECT * FROM table
WHERE number = 1;
```

## 5: Indexing on More Than Two Columns
```python
import psycopg2
import json
conn = psycopg2.connect("dbname=hud user=hud_admin password=hud_pwd")
cur = conn.cursor()

create_idx = """
CREATE INDEX state_count_year_index ON homeless_by_coc(state, count, year);
"""
cur.execute(create_idx)
conn.commit()

sql_cmd = """EXPLAIN (ANALYZE, FORMAT json)
SELECT * FROM homeless_by_coc
 WHERE year >'2011-01-01'
   AND count > 5000;
"""
cur.execute(sql_cmd)
query_plan = cur.fetchone()

print(json.dumps(query_plan, indent=2))
```

## 6: Index on Expressions
```python
import psycopg2
conn = psycopg2.connect("dbname=hud user=hud_admin password=hud_pwd")
cur = conn.cursor()

create_idx = """
CREATE INDEX measures_index ON homeless_by_coc(LOWER(measures));
"""
cur.execute(create_idx)
conn.commit()

sql_cmd="""
SELECT * FROM homeless_by_coc
 WHERE LOWER(measures) = 'total homeless';
"""
cur.execute(sql_cmd)
total_homeless = cur.fetchall()
```

## 7: Partial Indexes
```python
import psycopg2
conn = psycopg2.connect("dbname=hud user=hud_admin password=hud_pwd")
cur = conn.cursor()

create_idx = """
CREATE INDEX partial_state_index ON homeless_by_coc(state) WHERE count=0;
"""
cur.execute(create_idx)
conn.commit()


sql_cmd = """
SELECT * FROM homeless_by_coc
 WHERE state='CA' and count=0;
"""
cur.execute(sql_cmd)
ca_zero_count = cur.fetchall()
```

## 8: Building a Multi-Column Index
```python
import ac_tools
import psycopg2
import hud_database
hud_database.reset_hud_database_and_user("dbname=dq user=dq")
hud_database.create_hud_tables("dbname=hud user=hud_admin password=hud_pwd")
import psycopg2
conn = psycopg2.connect("dbname=hud user=hud_admin password=hud_pwd")
cur = conn.cursor()

create_idx = """
CREATE INDEX state_year_measures_idx ON homeless_by_coc(state,LOWER(measures)) WHERE count=0;
"""
cur.execute(create_idx)
conn.commit()

sql_cmd = """EXPLAIN (ANALYZE, FORMAT json)
SELECT hbc.year, si.name, hbc.count
        FROM homeless_by_coc AS hbc
        INNER JOIN state_info AS si
        ON hbc.state = si.postal
        WHERE hbc.state = 'CA' AND LOWER(hbc.measures) = 'total homeless' AND hbc.count = 0;
"""
cur.execute(sql_cmd)
query_plan = cur.fetchone()

print(json.dumps(query_plan, indent=2))
```

